This file contains any messages produced by compilers while
running configure, to aid debugging if configure makes a mistake.

It was created by ODE configure 0.14, which was
generated by GNU Autoconf 2.69.  Invocation command line was

  $ ./configure --with-trimesh=none --disable-demos --enable-double-precision --disable-threading-intf

## --------- ##
## Platform. ##
## --------- ##

hostname = benoit-TM1801
uname -m = x86_64
uname -r = 5.15.0-27-generic
uname -s = Linux
uname -v = #28-Ubuntu SMP Thu Apr 14 04:55:28 UTC 2022

/usr/bin/uname -p = x86_64
/bin/uname -X     = unknown

/bin/arch              = x86_64
/usr/bin/arch -k       = unknown
/usr/convex/getsysinfo = unknown
/usr/bin/hostinfo      = unknown
/bin/machine           = unknown
/usr/bin/oslevel       = unknown
/bin/universe          = unknown

PATH: /home/benoit/.local/bin
PATH: /usr/local/sbin
PATH: /usr/local/bin
PATH: /usr/sbin
PATH: /usr/bin
PATH: /sbin
PATH: /bin
PATH: /usr/games
PATH: /usr/local/games
PATH: /snap/bin
PATH: /snap/bin


## ----------- ##
## Core tests. ##
## ----------- ##

configure:2747: checking build system type
configure:2761: result: x86_64-unknown-linux-gnu
configure:2781: checking host system type
configure:2794: result: x86_64-unknown-linux-gnu
configure:2831: checking for a BSD-compatible install
configure:2899: result: /usr/bin/install -c
configure:2910: checking whether build environment is sane
configure:2965: result: yes
configure:3116: checking for a thread-safe mkdir -p
configure:3155: result: /usr/bin/mkdir -p
configure:3162: checking for gawk
configure:3192: result: no
configure:3162: checking for mawk
configure:3178: found /usr/bin/mawk
configure:3189: result: mawk
configure:3200: checking whether make sets $(MAKE)
configure:3222: result: yes
configure:3251: checking whether make supports nested variables
configure:3268: result: yes
configure:3397: checking whether make sets $(MAKE)
configure:3419: result: yes
configure:3486: checking for g++
configure:3502: found /usr/bin/g++
configure:3513: result: g++
configure:3540: checking for C++ compiler version
configure:3549: g++ --version >&5
g++ (Ubuntu 11.2.0-19ubuntu1) 11.2.0
Copyright (C) 2021 Free Software Foundation, Inc.
This is free software; see the source for copying conditions.  There is NO
warranty; not even for MERCHANTABILITY or FITNESS FOR A PARTICULAR PURPOSE.

configure:3560: $? = 0
configure:3549: g++ -v >&5
Using built-in specs.
COLLECT_GCC=g++
COLLECT_LTO_WRAPPER=/usr/lib/gcc/x86_64-linux-gnu/11/lto-wrapper
OFFLOAD_TARGET_NAMES=nvptx-none:amdgcn-amdhsa
OFFLOAD_TARGET_DEFAULT=1
Target: x86_64-linux-gnu
Configured with: ../src/configure -v --with-pkgversion='Ubuntu 11.2.0-19ubuntu1' --with-bugurl=file:///usr/share/doc/gcc-11/README.Bugs --enable-languages=c,ada,c++,go,brig,d,fortran,objc,obj-c++,m2 --prefix=/usr --with-gcc-major-version-only --program-suffix=-11 --program-prefix=x86_64-linux-gnu- --enable-shared --enable-linker-build-id --libexecdir=/usr/lib --without-included-gettext --enable-threads=posix --libdir=/usr/lib --enable-nls --enable-bootstrap --enable-clocale=gnu --enable-libstdcxx-debug --enable-libstdcxx-time=yes --with-default-libstdcxx-abi=new --enable-gnu-unique-object --disable-vtable-verify --enable-plugin --enable-default-pie --with-system-zlib --enable-libphobos-checking=release --with-target-system-zlib=auto --enable-objc-gc=auto --enable-multiarch --disable-werror --enable-cet --with-arch-32=i686 --with-abi=m64 --with-multilib-list=m32,m64,mx32 --enable-multilib --with-tune=generic --enable-offload-targets=nvptx-none=/build/gcc-11-gBFGDP/gcc-11-11.2.0/debian/tmp-nvptx/usr,amdgcn-amdhsa=/build/gcc-11-gBFGDP/gcc-11-11.2.0/debian/tmp-gcn/usr --without-cuda-driver --enable-checking=release --build=x86_64-linux-gnu --host=x86_64-linux-gnu --target=x86_64-linux-gnu --with-build-config=bootstrap-lto-lean --enable-link-serialization=2
Thread model: posix
Supported LTO compression algorithms: zlib zstd
gcc version 11.2.0 (Ubuntu 11.2.0-19ubuntu1) 
... rest of stderr output deleted ...
configure:3560: $? = 0
configure:3549: g++ -V >&5
g++: error: unrecognized command-line option '-V'
g++: fatal error: no input files
compilation terminated.
configure:3560: $? = 1
configure:3549: g++ -qversion >&5
g++: error: unrecognized command-line option '-qversion'; did you mean '--version'?
g++: fatal error: no input files
compilation terminated.
configure:3560: $? = 1
configure:3580: checking whether the C++ compiler works
configure:3602: g++ -fPIC   conftest.cpp  >&5
configure:3606: $? = 0
configure:3654: result: yes
configure:3657: checking for C++ compiler default output file name
configure:3659: result: a.out
configure:3665: checking for suffix of executables
configure:3672: g++ -o conftest -fPIC   conftest.cpp  >&5
configure:3676: $? = 0
configure:3698: result: 
configure:3720: checking whether we are cross compiling
configure:3728: g++ -o conftest -fPIC   conftest.cpp  >&5
configure:3732: $? = 0
configure:3739: ./conftest
configure:3743: $? = 0
configure:3758: result: no
configure:3763: checking for suffix of object files
configure:3785: g++ -c -fPIC  conftest.cpp >&5
configure:3789: $? = 0
configure:3810: result: o
configure:3814: checking whether we are using the GNU C++ compiler
configure:3833: g++ -c -fPIC  conftest.cpp >&5
configure:3833: $? = 0
configure:3842: result: yes
configure:3851: checking whether g++ accepts -g
configure:3871: g++ -c -g  conftest.cpp >&5
configure:3871: $? = 0
configure:3912: result: yes
configure:3946: checking for style of include used by make
configure:3974: result: GNU
configure:4000: checking dependency style of g++
configure:4111: result: gcc3
configure:4174: checking for gcc
configure:4190: found /usr/bin/gcc
configure:4201: result: gcc
configure:4430: checking for C compiler version
configure:4439: gcc --version >&5
gcc (Ubuntu 11.2.0-19ubuntu1) 11.2.0
Copyright (C) 2021 Free Software Foundation, Inc.
This is free software; see the source for copying conditions.  There is NO
warranty; not even for MERCHANTABILITY or FITNESS FOR A PARTICULAR PURPOSE.

configure:4450: $? = 0
configure:4439: gcc -v >&5
Using built-in specs.
COLLECT_GCC=gcc
COLLECT_LTO_WRAPPER=/usr/lib/gcc/x86_64-linux-gnu/11/lto-wrapper
OFFLOAD_TARGET_NAMES=nvptx-none:amdgcn-amdhsa
OFFLOAD_TARGET_DEFAULT=1
Target: x86_64-linux-gnu
Configured with: ../src/configure -v --with-pkgversion='Ubuntu 11.2.0-19ubuntu1' --with-bugurl=file:///usr/share/doc/gcc-11/README.Bugs --enable-languages=c,ada,c++,go,brig,d,fortran,objc,obj-c++,m2 --prefix=/usr --with-gcc-major-version-only --program-suffix=-11 --program-prefix=x86_64-linux-gnu- --enable-shared --enable-linker-build-id --libexecdir=/usr/lib --without-included-gettext --enable-threads=posix --libdir=/usr/lib --enable-nls --enable-bootstrap --enable-clocale=gnu --enable-libstdcxx-debug --enable-libstdcxx-time=yes --with-default-libstdcxx-abi=new --enable-gnu-unique-object --disable-vtable-verify --enable-plugin --enable-default-pie --with-system-zlib --enable-libphobos-checking=release --with-target-system-zlib=auto --enable-objc-gc=auto --enable-multiarch --disable-werror --enable-cet --with-arch-32=i686 --with-abi=m64 --with-multilib-list=m32,m64,mx32 --enable-multilib --with-tune=generic --enable-offload-targets=nvptx-none=/build/gcc-11-gBFGDP/gcc-11-11.2.0/debian/tmp-nvptx/usr,amdgcn-amdhsa=/build/gcc-11-gBFGDP/gcc-11-11.2.0/debian/tmp-gcn/usr --without-cuda-driver --enable-checking=release --build=x86_64-linux-gnu --host=x86_64-linux-gnu --target=x86_64-linux-gnu --with-build-config=bootstrap-lto-lean --enable-link-serialization=2
Thread model: posix
Supported LTO compression algorithms: zlib zstd
gcc version 11.2.0 (Ubuntu 11.2.0-19ubuntu1) 
... rest of stderr output deleted ...
configure:4450: $? = 0
configure:4439: gcc -V >&5
gcc: error: unrecognized command-line option '-V'
gcc: fatal error: no input files
compilation terminated.
configure:4450: $? = 1
configure:4439: gcc -qversion >&5
gcc: error: unrecognized command-line option '-qversion'; did you mean '--version'?
gcc: fatal error: no input files
compilation terminated.
configure:4450: $? = 1
configure:4454: checking whether we are using the GNU C compiler
configure:4473: gcc -c -fPIC  conftest.c >&5
configure:4473: $? = 0
configure:4482: result: yes
configure:4491: checking whether gcc accepts -g
configure:4511: gcc -c -g  conftest.c >&5
configure:4511: $? = 0
configure:4552: result: yes
configure:4569: checking for gcc option to accept ISO C89
configure:4632: gcc  -c -fPIC  conftest.c >&5
configure:4632: $? = 0
configure:4645: result: none needed
configure:4670: checking whether gcc understands -c and -o together
configure:4692: gcc -c conftest.c -o conftest2.o
configure:4695: $? = 0
configure:4692: gcc -c conftest.c -o conftest2.o
configure:4695: $? = 0
configure:4707: result: yes
configure:4726: checking dependency style of gcc
configure:4837: result: gcc3
configure:4858: checking how to run the C preprocessor
configure:4889: gcc -E  conftest.c
configure:4889: $? = 0
configure:4903: gcc -E  conftest.c
conftest.c:11:10: fatal error: ac_nonexistent.h: No such file or directory
   11 | #include <ac_nonexistent.h>
      |          ^~~~~~~~~~~~~~~~~~
compilation terminated.
configure:4903: $? = 1
configure: failed program was:
| /* confdefs.h */
| #define PACKAGE_NAME "ODE"
| #define PACKAGE_TARNAME "ode"
| #define PACKAGE_VERSION "0.14"
| #define PACKAGE_STRING "ODE 0.14"
| #define PACKAGE_BUGREPORT "ode@ode.org"
| #define PACKAGE_URL ""
| #define PACKAGE "ode"
| #define VERSION "0.14"
| /* end confdefs.h.  */
| #include <ac_nonexistent.h>
configure:4928: result: gcc -E
configure:4948: gcc -E  conftest.c
configure:4948: $? = 0
configure:4962: gcc -E  conftest.c
conftest.c:11:10: fatal error: ac_nonexistent.h: No such file or directory
   11 | #include <ac_nonexistent.h>
      |          ^~~~~~~~~~~~~~~~~~
compilation terminated.
configure:4962: $? = 1
configure: failed program was:
| /* confdefs.h */
| #define PACKAGE_NAME "ODE"
| #define PACKAGE_TARNAME "ode"
| #define PACKAGE_VERSION "0.14"
| #define PACKAGE_STRING "ODE 0.14"
| #define PACKAGE_BUGREPORT "ode@ode.org"
| #define PACKAGE_URL ""
| #define PACKAGE "ode"
| #define VERSION "0.14"
| /* end confdefs.h.  */
| #include <ac_nonexistent.h>
configure:4994: checking for gawk
configure:5021: result: mawk
configure:5033: checking whether ln -s works
configure:5037: result: yes
configure:5091: checking how to print strings
configure:5118: result: printf
configure:5139: checking for a sed that does not truncate output
configure:5203: result: /usr/bin/sed
configure:5221: checking for grep that handles long lines and -e
configure:5279: result: /usr/bin/grep
configure:5284: checking for egrep
configure:5346: result: /usr/bin/grep -E
configure:5351: checking for fgrep
configure:5413: result: /usr/bin/grep -F
configure:5448: checking for ld used by gcc
configure:5515: result: /usr/bin/ld
configure:5522: checking if the linker (/usr/bin/ld) is GNU ld
configure:5537: result: yes
configure:5549: checking for BSD- or MS-compatible name lister (nm)
configure:5598: result: /usr/bin/nm -B
configure:5728: checking the name lister (/usr/bin/nm -B) interface
configure:5735: gcc -c -fPIC  conftest.c >&5
configure:5738: /usr/bin/nm -B "conftest.o"
configure:5741: output
0000000000000000 B some_variable
configure:5748: result: BSD nm
configure:5752: checking the maximum length of command line arguments
configure:5883: result: 1572864
configure:5900: checking whether the shell understands some XSI constructs
configure:5910: result: yes
configure:5914: checking whether the shell understands "+="
configure:5920: result: yes
configure:5955: checking how to convert x86_64-unknown-linux-gnu file names to x86_64-unknown-linux-gnu format
configure:5995: result: func_convert_file_noop
configure:6002: checking how to convert x86_64-unknown-linux-gnu file names to toolchain format
configure:6022: result: func_convert_file_noop
configure:6029: checking for /usr/bin/ld option to reload object files
configure:6036: result: -r
configure:6110: checking for objdump
configure:6126: found /usr/bin/objdump
configure:6137: result: objdump
configure:6166: checking how to recognize dependent libraries
configure:6364: result: pass_all
configure:6449: checking for dlltool
configure:6479: result: no
configure:6506: checking how to associate runtime and link libraries
configure:6533: result: printf %s\n
configure:6594: checking for ar
configure:6610: found /usr/bin/ar
configure:6621: result: ar
configure:6658: checking for archiver @FILE support
configure:6675: gcc -c -fPIC  conftest.c >&5
configure:6675: $? = 0
configure:6678: ar cru libconftest.a @conftest.lst >&5
ar: `u' modifier ignored since `D' is the default (see `U')
configure:6681: $? = 0
configure:6686: ar cru libconftest.a @conftest.lst >&5
ar: `u' modifier ignored since `D' is the default (see `U')
ar: conftest.o: No such file or directory
configure:6689: $? = 1
configure:6701: result: @
configure:6759: checking for strip
configure:6775: found /usr/bin/strip
configure:6786: result: strip
configure:6858: checking for ranlib
configure:6874: found /usr/bin/ranlib
configure:6885: result: ranlib
configure:6987: checking command to parse /usr/bin/nm -B output from gcc object
configure:7107: gcc -c -fPIC  conftest.c >&5
configure:7110: $? = 0
configure:7114: /usr/bin/nm -B conftest.o \| sed -n -e 's/^.*[ ]\([ABCDGIRSTW][ABCDGIRSTW]*\)[ ][ ]*\([_A-Za-z][_A-Za-z0-9]*\)$/\1 \2 \2/p' | sed '/ __gnu_lto/d' \> conftest.nm
configure:7117: $? = 0
configure:7183: gcc -o conftest -fPIC   conftest.c conftstm.o >&5
configure:7186: $? = 0
configure:7224: result: ok
configure:7261: checking for sysroot
configure:7291: result: no
configure:7368: gcc -c -fPIC  conftest.c >&5
configure:7371: $? = 0
configure:7560: checking for mt
configure:7576: found /usr/bin/mt
configure:7587: result: mt
configure:7610: checking if mt is a manifest tool
configure:7616: mt '-?'
configure:7624: result: no
configure:8262: checking for ANSI C header files
configure:8282: gcc -c -fPIC  conftest.c >&5
configure:8282: $? = 0
configure:8355: gcc -o conftest -fPIC   conftest.c  >&5
configure:8355: $? = 0
configure:8355: ./conftest
configure:8355: $? = 0
configure:8366: result: yes
configure:8379: checking for sys/types.h
configure:8379: gcc -c -fPIC  conftest.c >&5
configure:8379: $? = 0
configure:8379: result: yes
configure:8379: checking for sys/stat.h
configure:8379: gcc -c -fPIC  conftest.c >&5
configure:8379: $? = 0
configure:8379: result: yes
configure:8379: checking for stdlib.h
configure:8379: gcc -c -fPIC  conftest.c >&5
configure:8379: $? = 0
configure:8379: result: yes
configure:8379: checking for string.h
configure:8379: gcc -c -fPIC  conftest.c >&5
configure:8379: $? = 0
configure:8379: result: yes
configure:8379: checking for memory.h
configure:8379: gcc -c -fPIC  conftest.c >&5
configure:8379: $? = 0
configure:8379: result: yes
configure:8379: checking for strings.h
configure:8379: gcc -c -fPIC  conftest.c >&5
configure:8379: $? = 0
configure:8379: result: yes
configure:8379: checking for inttypes.h
configure:8379: gcc -c -fPIC  conftest.c >&5
configure:8379: $? = 0
configure:8379: result: yes
configure:8379: checking for stdint.h
configure:8379: gcc -c -fPIC  conftest.c >&5
configure:8379: $? = 0
configure:8379: result: yes
configure:8379: checking for unistd.h
configure:8379: gcc -c -fPIC  conftest.c >&5
configure:8379: $? = 0
configure:8379: result: yes
configure:8393: checking for dlfcn.h
configure:8393: gcc -c -fPIC  conftest.c >&5
configure:8393: $? = 0
configure:8393: result: yes
configure:8907: checking for objdir
configure:8922: result: .libs
configure:9193: checking if gcc supports -fno-rtti -fno-exceptions
configure:9211: gcc -c -fPIC  -fno-rtti -fno-exceptions conftest.c >&5
cc1: warning: command-line option '-fno-rtti' is valid for C++/D/ObjC++ but not for C
configure:9215: $? = 0
configure:9228: result: no
configure:9555: checking for gcc option to produce PIC
configure:9562: result: -fPIC -DPIC
configure:9570: checking if gcc PIC flag -fPIC -DPIC works
configure:9588: gcc -c -fPIC  -fPIC -DPIC -DPIC conftest.c >&5
configure:9592: $? = 0
configure:9605: result: yes
configure:9634: checking if gcc static flag -static works
configure:9662: result: yes
configure:9677: checking if gcc supports -c -o file.o
configure:9698: gcc -c -fPIC  -o out/conftest2.o conftest.c >&5
configure:9702: $? = 0
configure:9724: result: yes
configure:9732: checking if gcc supports -c -o file.o
configure:9779: result: yes
configure:9812: checking whether the gcc linker (/usr/bin/ld -m elf_x86_64) supports shared libraries
configure:10969: result: yes
configure:11209: checking dynamic linker characteristics
configure:11709: gcc -o conftest -fPIC   -Wl,-rpath -Wl,/foo conftest.c  >&5
configure:11709: $? = 0
configure:11943: result: GNU/Linux ld.so
configure:12050: checking how to hardcode library paths into programs
configure:12075: result: immediate
configure:12615: checking whether stripping libraries is possible
configure:12620: result: yes
configure:12655: checking if libtool supports shared libraries
configure:12657: result: yes
configure:12660: checking whether to build shared libraries
configure:12681: result: no
configure:12684: checking whether to build static libraries
configure:12688: result: yes
configure:12711: checking how to run the C++ preprocessor
configure:12738: g++ -E  conftest.cpp
configure:12738: $? = 0
configure:12752: g++ -E  conftest.cpp
conftest.cpp:23:10: fatal error: ac_nonexistent.h: No such file or directory
   23 | #include <ac_nonexistent.h>
      |          ^~~~~~~~~~~~~~~~~~
compilation terminated.
configure:12752: $? = 1
configure: failed program was:
| /* confdefs.h */
| #define PACKAGE_NAME "ODE"
| #define PACKAGE_TARNAME "ode"
| #define PACKAGE_VERSION "0.14"
| #define PACKAGE_STRING "ODE 0.14"
| #define PACKAGE_BUGREPORT "ode@ode.org"
| #define PACKAGE_URL ""
| #define PACKAGE "ode"
| #define VERSION "0.14"
| #define STDC_HEADERS 1
| #define HAVE_SYS_TYPES_H 1
| #define HAVE_SYS_STAT_H 1
| #define HAVE_STDLIB_H 1
| #define HAVE_STRING_H 1
| #define HAVE_MEMORY_H 1
| #define HAVE_STRINGS_H 1
| #define HAVE_INTTYPES_H 1
| #define HAVE_STDINT_H 1
| #define HAVE_UNISTD_H 1
| #define HAVE_DLFCN_H 1
| #define LT_OBJDIR ".libs/"
| /* end confdefs.h.  */
| #include <ac_nonexistent.h>
configure:12777: result: g++ -E
configure:12797: g++ -E  conftest.cpp
configure:12797: $? = 0
configure:12811: g++ -E  conftest.cpp
conftest.cpp:23:10: fatal error: ac_nonexistent.h: No such file or directory
   23 | #include <ac_nonexistent.h>
      |          ^~~~~~~~~~~~~~~~~~
compilation terminated.
configure:12811: $? = 1
configure: failed program was:
| /* confdefs.h */
| #define PACKAGE_NAME "ODE"
| #define PACKAGE_TARNAME "ode"
| #define PACKAGE_VERSION "0.14"
| #define PACKAGE_STRING "ODE 0.14"
| #define PACKAGE_BUGREPORT "ode@ode.org"
| #define PACKAGE_URL ""
| #define PACKAGE "ode"
| #define VERSION "0.14"
| #define STDC_HEADERS 1
| #define HAVE_SYS_TYPES_H 1
| #define HAVE_SYS_STAT_H 1
| #define HAVE_STDLIB_H 1
| #define HAVE_STRING_H 1
| #define HAVE_MEMORY_H 1
| #define HAVE_STRINGS_H 1
| #define HAVE_INTTYPES_H 1
| #define HAVE_STDINT_H 1
| #define HAVE_UNISTD_H 1
| #define HAVE_DLFCN_H 1
| #define LT_OBJDIR ".libs/"
| /* end confdefs.h.  */
| #include <ac_nonexistent.h>
configure:12980: checking for ld used by g++
configure:13047: result: /usr/bin/ld -m elf_x86_64
configure:13054: checking if the linker (/usr/bin/ld -m elf_x86_64) is GNU ld
configure:13069: result: yes
configure:13124: checking whether the g++ linker (/usr/bin/ld -m elf_x86_64) supports shared libraries
configure:14126: result: yes
configure:14162: g++ -c -fPIC  conftest.cpp >&5
configure:14165: $? = 0
configure:14685: checking for g++ option to produce PIC
configure:14692: result: -fPIC -DPIC
configure:14700: checking if g++ PIC flag -fPIC -DPIC works
configure:14718: g++ -c -fPIC  -fPIC -DPIC -DPIC conftest.cpp >&5
configure:14722: $? = 0
configure:14735: result: yes
configure:14758: checking if g++ static flag -static works
configure:14786: result: yes
configure:14798: checking if g++ supports -c -o file.o
configure:14819: g++ -c -fPIC  -o out/conftest2.o conftest.cpp >&5
configure:14823: $? = 0
configure:14845: result: yes
configure:14850: checking if g++ supports -c -o file.o
configure:14897: result: yes
configure:14927: checking whether the g++ linker (/usr/bin/ld -m elf_x86_64) supports shared libraries
configure:14966: result: yes
configure:15107: checking dynamic linker characteristics
configure:15775: result: GNU/Linux ld.so
configure:15828: checking how to hardcode library paths into programs
configure:15853: result: immediate
configure:15963: checking for windres
configure:15993: result: no
configure:16015: checking whether byte ordering is bigendian
configure:16030: gcc -c -fPIC  conftest.c >&5
conftest.c:24:16: error: unknown type name 'not'
   24 |                not a universal capable compiler
      |                ^~~
conftest.c:24:22: error: expected '=', ',', ';', 'asm' or '__attribute__' before 'universal'
   24 |                not a universal capable compiler
      |                      ^~~~~~~~~
conftest.c:24:22: error: unknown type name 'universal'
configure:16030: $? = 1
configure: failed program was:
| /* confdefs.h */
| #define PACKAGE_NAME "ODE"
| #define PACKAGE_TARNAME "ode"
| #define PACKAGE_VERSION "0.14"
| #define PACKAGE_STRING "ODE 0.14"
| #define PACKAGE_BUGREPORT "ode@ode.org"
| #define PACKAGE_URL ""
| #define PACKAGE "ode"
| #define VERSION "0.14"
| #define STDC_HEADERS 1
| #define HAVE_SYS_TYPES_H 1
| #define HAVE_SYS_STAT_H 1
| #define HAVE_STDLIB_H 1
| #define HAVE_STRING_H 1
| #define HAVE_MEMORY_H 1
| #define HAVE_STRINGS_H 1
| #define HAVE_INTTYPES_H 1
| #define HAVE_STDINT_H 1
| #define HAVE_UNISTD_H 1
| #define HAVE_DLFCN_H 1
| #define LT_OBJDIR ".libs/"
| /* end confdefs.h.  */
| #ifndef __APPLE_CC__
| 	       not a universal capable compiler
| 	     #endif
| 	     typedef int dummy;
| 
configure:16075: gcc -c -fPIC  conftest.c >&5
configure:16075: $? = 0
configure:16093: gcc -c -fPIC  conftest.c >&5
conftest.c: In function 'main':
conftest.c:30:18: error: unknown type name 'not'; did you mean 'ino_t'?
   30 |                  not big endian
      |                  ^~~
      |                  ino_t
conftest.c:30:26: error: expected '=', ',', ';', 'asm' or '__attribute__' before 'endian'
   30 |                  not big endian
      |                          ^~~~~~
configure:16093: $? = 1
configure: failed program was:
| /* confdefs.h */
| #define PACKAGE_NAME "ODE"
| #define PACKAGE_TARNAME "ode"
| #define PACKAGE_VERSION "0.14"
| #define PACKAGE_STRING "ODE 0.14"
| #define PACKAGE_BUGREPORT "ode@ode.org"
| #define PACKAGE_URL ""
| #define PACKAGE "ode"
| #define VERSION "0.14"
| #define STDC_HEADERS 1
| #define HAVE_SYS_TYPES_H 1
| #define HAVE_SYS_STAT_H 1
| #define HAVE_STDLIB_H 1
| #define HAVE_STRING_H 1
| #define HAVE_MEMORY_H 1
| #define HAVE_STRINGS_H 1
| #define HAVE_INTTYPES_H 1
| #define HAVE_STDINT_H 1
| #define HAVE_UNISTD_H 1
| #define HAVE_DLFCN_H 1
| #define LT_OBJDIR ".libs/"
| /* end confdefs.h.  */
| #include <sys/types.h>
| 		#include <sys/param.h>
| 
| int
| main ()
| {
| #if BYTE_ORDER != BIG_ENDIAN
| 		 not big endian
| 		#endif
| 
|   ;
|   return 0;
| }
configure:16221: result: no
configure:16239: checking for inline
configure:16255: gcc -c -fPIC  conftest.c >&5
configure:16255: $? = 0
configure:16263: result: inline
configure:16281: checking for working volatile
configure:16300: gcc -c -fPIC  conftest.c >&5
configure:16300: $? = 0
configure:16307: result: yes
configure:16368: checking for pkg-config
configure:16401: result: no
configure:16440: checking for doxygen
configure:16456: found /usr/bin/doxygen
configure:16467: result: doxygen
configure:16525: checking alloca.h usability
configure:16525: gcc -c -fPIC  conftest.c >&5
configure:16525: $? = 0
configure:16525: result: yes
configure:16525: checking alloca.h presence
configure:16525: gcc -E  conftest.c
configure:16525: $? = 0
configure:16525: result: yes
configure:16525: checking for alloca.h
configure:16525: result: yes
configure:16525: checking stdio.h usability
configure:16525: gcc -c -fPIC  conftest.c >&5
configure:16525: $? = 0
configure:16525: result: yes
configure:16525: checking stdio.h presence
configure:16525: gcc -E  conftest.c
configure:16525: $? = 0
configure:16525: result: yes
configure:16525: checking for stdio.h
configure:16525: result: yes
configure:16525: checking for inttypes.h
configure:16525: result: yes
configure:16525: checking for stdint.h
configure:16525: result: yes
configure:16525: checking for stdlib.h
configure:16525: result: yes
configure:16525: checking math.h usability
configure:16525: gcc -c -fPIC  conftest.c >&5
configure:16525: $? = 0
configure:16525: result: yes
configure:16525: checking math.h presence
configure:16525: gcc -E  conftest.c
configure:16525: $? = 0
configure:16525: result: yes
configure:16525: checking for math.h
configure:16525: result: yes
configure:16525: checking for string.h
configure:16525: result: yes
configure:16525: checking stdarg.h usability
configure:16525: gcc -c -fPIC  conftest.c >&5
configure:16525: $? = 0
configure:16525: result: yes
configure:16525: checking stdarg.h presence
configure:16525: gcc -E  conftest.c
configure:16525: $? = 0
configure:16525: result: yes
configure:16525: checking for stdarg.h
configure:16525: result: yes
configure:16525: checking malloc.h usability
configure:16525: gcc -c -fPIC  conftest.c >&5
configure:16525: $? = 0
configure:16525: result: yes
configure:16525: checking malloc.h presence
configure:16525: gcc -E  conftest.c
configure:16525: $? = 0
configure:16525: result: yes
configure:16525: checking for malloc.h
configure:16525: result: yes
configure:16525: checking float.h usability
configure:16525: gcc -c -fPIC  conftest.c >&5
configure:16525: $? = 0
configure:16525: result: yes
configure:16525: checking float.h presence
configure:16525: gcc -E  conftest.c
configure:16525: $? = 0
configure:16525: result: yes
configure:16525: checking for float.h
configure:16525: result: yes
configure:16525: checking time.h usability
configure:16525: gcc -c -fPIC  conftest.c >&5
configure:16525: $? = 0
configure:16525: result: yes
configure:16525: checking time.h presence
configure:16525: gcc -E  conftest.c
configure:16525: $? = 0
configure:16525: result: yes
configure:16525: checking for time.h
configure:16525: result: yes
configure:16525: checking sys/time.h usability
configure:16525: gcc -c -fPIC  conftest.c >&5
configure:16525: $? = 0
configure:16525: result: yes
configure:16525: checking sys/time.h presence
configure:16525: gcc -E  conftest.c
configure:16525: $? = 0
configure:16525: result: yes
configure:16525: checking for sys/time.h
configure:16525: result: yes
configure:16525: checking limits.h usability
configure:16525: gcc -c -fPIC  conftest.c >&5
configure:16525: $? = 0
configure:16525: result: yes
configure:16525: checking limits.h presence
configure:16525: gcc -E  conftest.c
configure:16525: $? = 0
configure:16525: result: yes
configure:16525: checking for limits.h
configure:16525: result: yes
configure:16525: checking stddef.h usability
configure:16525: gcc -c -fPIC  conftest.c >&5
configure:16525: $? = 0
configure:16525: result: yes
configure:16525: checking stddef.h presence
configure:16525: gcc -E  conftest.c
configure:16525: $? = 0
configure:16525: result: yes
configure:16525: checking for stddef.h
configure:16525: result: yes
configure:16583: checking if double precision is requested
configure:16592: result: yes
configure:16639: checking which drawstuff lib to build
configure:16641: result: X11
configure:16650: checking for X11
configure:16707: result: no
configure:16930: checking if demos should be built
configure:16946: result: no
configure:16951: checking for main in -lstdc++
configure:16970: gcc -o conftest -fPIC   conftest.c -lstdc++   >&5
configure:16970: $? = 0
configure:16979: result: yes
configure:16988: checking for main in -lpthread
configure:17007: gcc -o conftest -fPIC   conftest.c -lpthread   >&5
configure:17007: $? = 0
configure:17016: result: yes
configure:17050: checking for gprof
configure:17100: result: no
configure:17105: checking for stdbool.h that conforms to C99
configure:17172: gcc -c -fPIC  conftest.c >&5
configure:17172: $? = 0
configure:17179: result: yes
configure:17181: checking for _Bool
configure:17181: gcc -c -fPIC  conftest.c >&5
configure:17181: $? = 0
configure:17181: gcc -c -fPIC  conftest.c >&5
conftest.c: In function 'main':
conftest.c:74:20: error: expected expression before ')' token
   74 | if (sizeof ((_Bool)))
      |                    ^
configure:17181: $? = 1
configure: failed program was:
| /* confdefs.h */
| #define PACKAGE_NAME "ODE"
| #define PACKAGE_TARNAME "ode"
| #define PACKAGE_VERSION "0.14"
| #define PACKAGE_STRING "ODE 0.14"
| #define PACKAGE_BUGREPORT "ode@ode.org"
| #define PACKAGE_URL ""
| #define PACKAGE "ode"
| #define VERSION "0.14"
| #define STDC_HEADERS 1
| #define HAVE_SYS_TYPES_H 1
| #define HAVE_SYS_STAT_H 1
| #define HAVE_STDLIB_H 1
| #define HAVE_STRING_H 1
| #define HAVE_MEMORY_H 1
| #define HAVE_STRINGS_H 1
| #define HAVE_INTTYPES_H 1
| #define HAVE_STDINT_H 1
| #define HAVE_UNISTD_H 1
| #define HAVE_DLFCN_H 1
| #define LT_OBJDIR ".libs/"
| #define X86_64_SYSTEM 1
| #define HAVE_ALLOCA_H 1
| #define HAVE_STDIO_H 1
| #define HAVE_INTTYPES_H 1
| #define HAVE_STDINT_H 1
| #define HAVE_STDLIB_H 1
| #define HAVE_MATH_H 1
| #define HAVE_STRING_H 1
| #define HAVE_STDARG_H 1
| #define HAVE_MALLOC_H 1
| #define HAVE_FLOAT_H 1
| #define HAVE_TIME_H 1
| #define HAVE_SYS_TIME_H 1
| #define HAVE_LIMITS_H 1
| #define HAVE_STDDEF_H 1
| /* end confdefs.h.  */
| #include <stdio.h>
| #ifdef HAVE_SYS_TYPES_H
| # include <sys/types.h>
| #endif
| #ifdef HAVE_SYS_STAT_H
| # include <sys/stat.h>
| #endif
| #ifdef STDC_HEADERS
| # include <stdlib.h>
| # include <stddef.h>
| #else
| # ifdef HAVE_STDLIB_H
| #  include <stdlib.h>
| # endif
| #endif
| #ifdef HAVE_STRING_H
| # if !defined STDC_HEADERS && defined HAVE_MEMORY_H
| #  include <memory.h>
| # endif
| # include <string.h>
| #endif
| #ifdef HAVE_STRINGS_H
| # include <strings.h>
| #endif
| #ifdef HAVE_INTTYPES_H
| # include <inttypes.h>
| #endif
| #ifdef HAVE_STDINT_H
| # include <stdint.h>
| #endif
| #ifdef HAVE_UNISTD_H
| # include <unistd.h>
| #endif
| int
| main ()
| {
| if (sizeof ((_Bool)))
| 	    return 0;
|   ;
|   return 0;
| }
configure:17181: result: yes
configure:17198: checking for inline
configure:17222: result: inline
configure:17240: checking for int32_t
configure:17240: gcc -c -fPIC  conftest.c >&5
configure:17240: $? = 0
configure:17240: gcc -c -fPIC  conftest.c >&5
conftest.c: In function 'main':
conftest.c:78:67: warning: integer overflow in expression of type 'int' results in '-2147483648' [-Woverflow]
   78 |                  < (int32_t) (((((int32_t) 1 << N) << N) - 1) * 2 + 2))];
      |                                                                   ^
conftest.c:77:12: error: storage size of 'test_array' isn't constant
   77 | static int test_array [1 - 2 * !((int32_t) (((((int32_t) 1 << N) << N) - 1) * 2 + 1)
      |            ^~~~~~~~~~
configure:17240: $? = 1
configure: failed program was:
| /* confdefs.h */
| #define PACKAGE_NAME "ODE"
| #define PACKAGE_TARNAME "ode"
| #define PACKAGE_VERSION "0.14"
| #define PACKAGE_STRING "ODE 0.14"
| #define PACKAGE_BUGREPORT "ode@ode.org"
| #define PACKAGE_URL ""
| #define PACKAGE "ode"
| #define VERSION "0.14"
| #define STDC_HEADERS 1
| #define HAVE_SYS_TYPES_H 1
| #define HAVE_SYS_STAT_H 1
| #define HAVE_STDLIB_H 1
| #define HAVE_STRING_H 1
| #define HAVE_MEMORY_H 1
| #define HAVE_STRINGS_H 1
| #define HAVE_INTTYPES_H 1
| #define HAVE_STDINT_H 1
| #define HAVE_UNISTD_H 1
| #define HAVE_DLFCN_H 1
| #define LT_OBJDIR ".libs/"
| #define X86_64_SYSTEM 1
| #define HAVE_ALLOCA_H 1
| #define HAVE_STDIO_H 1
| #define HAVE_INTTYPES_H 1
| #define HAVE_STDINT_H 1
| #define HAVE_STDLIB_H 1
| #define HAVE_MATH_H 1
| #define HAVE_STRING_H 1
| #define HAVE_STDARG_H 1
| #define HAVE_MALLOC_H 1
| #define HAVE_FLOAT_H 1
| #define HAVE_TIME_H 1
| #define HAVE_SYS_TIME_H 1
| #define HAVE_LIMITS_H 1
| #define HAVE_STDDEF_H 1
| #define HAVE__BOOL 1
| #define HAVE_STDBOOL_H 1
| /* end confdefs.h.  */
| #include <stdio.h>
| #ifdef HAVE_SYS_TYPES_H
| # include <sys/types.h>
| #endif
| #ifdef HAVE_SYS_STAT_H
| # include <sys/stat.h>
| #endif
| #ifdef STDC_HEADERS
| # include <stdlib.h>
| # include <stddef.h>
| #else
| # ifdef HAVE_STDLIB_H
| #  include <stdlib.h>
| # endif
| #endif
| #ifdef HAVE_STRING_H
| # if !defined STDC_HEADERS && defined HAVE_MEMORY_H
| #  include <memory.h>
| # endif
| # include <string.h>
| #endif
| #ifdef HAVE_STRINGS_H
| # include <strings.h>
| #endif
| #ifdef HAVE_INTTYPES_H
| # include <inttypes.h>
| #endif
| #ifdef HAVE_STDINT_H
| # include <stdint.h>
| #endif
| #ifdef HAVE_UNISTD_H
| # include <unistd.h>
| #endif
| 	        enum { N = 32 / 2 - 1 };
| int
| main ()
| {
| static int test_array [1 - 2 * !((int32_t) (((((int32_t) 1 << N) << N) - 1) * 2 + 1)
| 		 < (int32_t) (((((int32_t) 1 << N) << N) - 1) * 2 + 2))];
| test_array [0] = 0;
| return test_array [0];
| 
|   ;
|   return 0;
| }
configure:17240: result: yes
configure:17251: checking for obstacks
configure:17272: gcc -o conftest -fPIC   conftest.c  -lpthread >&5
configure:17272: $? = 0
configure:17280: result: yes
configure:17295: checking for size_t
configure:17295: gcc -c -fPIC  conftest.c >&5
configure:17295: $? = 0
configure:17295: gcc -c -fPIC  conftest.c >&5
conftest.c: In function 'main':
conftest.c:77:21: error: expected expression before ')' token
   77 | if (sizeof ((size_t)))
      |                     ^
configure:17295: $? = 1
configure: failed program was:
| /* confdefs.h */
| #define PACKAGE_NAME "ODE"
| #define PACKAGE_TARNAME "ode"
| #define PACKAGE_VERSION "0.14"
| #define PACKAGE_STRING "ODE 0.14"
| #define PACKAGE_BUGREPORT "ode@ode.org"
| #define PACKAGE_URL ""
| #define PACKAGE "ode"
| #define VERSION "0.14"
| #define STDC_HEADERS 1
| #define HAVE_SYS_TYPES_H 1
| #define HAVE_SYS_STAT_H 1
| #define HAVE_STDLIB_H 1
| #define HAVE_STRING_H 1
| #define HAVE_MEMORY_H 1
| #define HAVE_STRINGS_H 1
| #define HAVE_INTTYPES_H 1
| #define HAVE_STDINT_H 1
| #define HAVE_UNISTD_H 1
| #define HAVE_DLFCN_H 1
| #define LT_OBJDIR ".libs/"
| #define X86_64_SYSTEM 1
| #define HAVE_ALLOCA_H 1
| #define HAVE_STDIO_H 1
| #define HAVE_INTTYPES_H 1
| #define HAVE_STDINT_H 1
| #define HAVE_STDLIB_H 1
| #define HAVE_MATH_H 1
| #define HAVE_STRING_H 1
| #define HAVE_STDARG_H 1
| #define HAVE_MALLOC_H 1
| #define HAVE_FLOAT_H 1
| #define HAVE_TIME_H 1
| #define HAVE_SYS_TIME_H 1
| #define HAVE_LIMITS_H 1
| #define HAVE_STDDEF_H 1
| #define HAVE__BOOL 1
| #define HAVE_STDBOOL_H 1
| #define HAVE_OBSTACK 1
| /* end confdefs.h.  */
| #include <stdio.h>
| #ifdef HAVE_SYS_TYPES_H
| # include <sys/types.h>
| #endif
| #ifdef HAVE_SYS_STAT_H
| # include <sys/stat.h>
| #endif
| #ifdef STDC_HEADERS
| # include <stdlib.h>
| # include <stddef.h>
| #else
| # ifdef HAVE_STDLIB_H
| #  include <stdlib.h>
| # endif
| #endif
| #ifdef HAVE_STRING_H
| # if !defined STDC_HEADERS && defined HAVE_MEMORY_H
| #  include <memory.h>
| # endif
| # include <string.h>
| #endif
| #ifdef HAVE_STRINGS_H
| # include <strings.h>
| #endif
| #ifdef HAVE_INTTYPES_H
| # include <inttypes.h>
| #endif
| #ifdef HAVE_STDINT_H
| # include <stdint.h>
| #endif
| #ifdef HAVE_UNISTD_H
| # include <unistd.h>
| #endif
| int
| main ()
| {
| if (sizeof ((size_t)))
| 	    return 0;
|   ;
|   return 0;
| }
configure:17295: result: yes
configure:17306: checking for uint32_t
configure:17306: gcc -c -fPIC  conftest.c >&5
configure:17306: $? = 0
configure:17306: result: yes
configure:17321: checking for main in -lm
configure:17340: gcc -o conftest -fPIC   conftest.c -lm   -lpthread >&5
configure:17340: $? = 0
configure:17349: result: yes
configure:17360: checking for main in -lsunmath
configure:17379: gcc -o conftest -fPIC   conftest.c -lsunmath  -lm  -lpthread >&5
/usr/bin/ld: cannot find -lsunmath: No such file or directory
collect2: error: ld returned 1 exit status
configure:17379: $? = 1
configure: failed program was:
| /* confdefs.h */
| #define PACKAGE_NAME "ODE"
| #define PACKAGE_TARNAME "ode"
| #define PACKAGE_VERSION "0.14"
| #define PACKAGE_STRING "ODE 0.14"
| #define PACKAGE_BUGREPORT "ode@ode.org"
| #define PACKAGE_URL ""
| #define PACKAGE "ode"
| #define VERSION "0.14"
| #define STDC_HEADERS 1
| #define HAVE_SYS_TYPES_H 1
| #define HAVE_SYS_STAT_H 1
| #define HAVE_STDLIB_H 1
| #define HAVE_STRING_H 1
| #define HAVE_MEMORY_H 1
| #define HAVE_STRINGS_H 1
| #define HAVE_INTTYPES_H 1
| #define HAVE_STDINT_H 1
| #define HAVE_UNISTD_H 1
| #define HAVE_DLFCN_H 1
| #define LT_OBJDIR ".libs/"
| #define X86_64_SYSTEM 1
| #define HAVE_ALLOCA_H 1
| #define HAVE_STDIO_H 1
| #define HAVE_INTTYPES_H 1
| #define HAVE_STDINT_H 1
| #define HAVE_STDLIB_H 1
| #define HAVE_MATH_H 1
| #define HAVE_STRING_H 1
| #define HAVE_STDARG_H 1
| #define HAVE_MALLOC_H 1
| #define HAVE_FLOAT_H 1
| #define HAVE_TIME_H 1
| #define HAVE_SYS_TIME_H 1
| #define HAVE_LIMITS_H 1
| #define HAVE_STDDEF_H 1
| #define HAVE__BOOL 1
| #define HAVE_STDBOOL_H 1
| #define HAVE_OBSTACK 1
| #define HAVE_LIBM 1
| /* end confdefs.h.  */
| 
| 
| int
| main ()
| {
| return main ();
|   ;
|   return 0;
| }
configure:17388: result: no
configure:17402: checking for floor
configure:17402: gcc -o conftest -fPIC   conftest.c -lm  -lpthread >&5
conftest.c:65:6: warning: conflicting types for built-in function 'floor'; expected 'double(double)' [-Wbuiltin-declaration-mismatch]
   65 | char floor ();
      |      ^~~~~
conftest.c:53:1: note: 'floor' is declared in header '<math.h>'
   52 | # include <limits.h>
   53 | #else
configure:17402: $? = 0
configure:17402: result: yes
configure:17402: checking for memmove
configure:17402: gcc -o conftest -fPIC   conftest.c -lm  -lpthread >&5
conftest.c:66:6: warning: conflicting types for built-in function 'memmove'; expected 'void *(void *, const void *, long unsigned int)' [-Wbuiltin-declaration-mismatch]
   66 | char memmove ();
      |      ^~~~~~~
conftest.c:54:1: note: 'memmove' is declared in header '<string.h>'
   53 | # include <limits.h>
   54 | #else
configure:17402: $? = 0
configure:17402: result: yes
configure:17402: checking for memset
configure:17402: gcc -o conftest -fPIC   conftest.c -lm  -lpthread >&5
conftest.c:67:6: warning: conflicting types for built-in function 'memset'; expected 'void *(void *, int,  long unsigned int)' [-Wbuiltin-declaration-mismatch]
   67 | char memset ();
      |      ^~~~~~
conftest.c:55:1: note: 'memset' is declared in header '<string.h>'
   54 | # include <limits.h>
   55 | #else
configure:17402: $? = 0
configure:17402: result: yes
configure:17402: checking for sqrt
configure:17402: gcc -o conftest -fPIC   conftest.c -lm  -lpthread >&5
conftest.c:68:6: warning: conflicting types for built-in function 'sqrt'; expected 'double(double)' [-Wbuiltin-declaration-mismatch]
   68 | char sqrt ();
      |      ^~~~
conftest.c:56:1: note: 'sqrt' is declared in header '<math.h>'
   55 | # include <limits.h>
   56 | #else
configure:17402: $? = 0
configure:17402: result: yes
configure:17402: checking for sqrtf
configure:17402: gcc -o conftest -fPIC   conftest.c -lm  -lpthread >&5
conftest.c:69:6: warning: conflicting types for built-in function 'sqrtf'; expected 'float(float)' [-Wbuiltin-declaration-mismatch]
   69 | char sqrtf ();
      |      ^~~~~
conftest.c:57:1: note: 'sqrtf' is declared in header '<math.h>'
   56 | # include <limits.h>
   57 | #else
configure:17402: $? = 0
configure:17402: result: yes
configure:17402: checking for sinf
configure:17402: gcc -o conftest -fPIC   conftest.c -lm  -lpthread >&5
conftest.c:70:6: warning: conflicting types for built-in function 'sinf'; expected 'float(float)' [-Wbuiltin-declaration-mismatch]
   70 | char sinf ();
      |      ^~~~
conftest.c:58:1: note: 'sinf' is declared in header '<math.h>'
   57 | # include <limits.h>
   58 | #else
configure:17402: $? = 0
configure:17402: result: yes
configure:17402: checking for cosf
configure:17402: gcc -o conftest -fPIC   conftest.c -lm  -lpthread >&5
conftest.c:71:6: warning: conflicting types for built-in function 'cosf'; expected 'float(float)' [-Wbuiltin-declaration-mismatch]
   71 | char cosf ();
      |      ^~~~
conftest.c:59:1: note: 'cosf' is declared in header '<math.h>'
   58 | # include <limits.h>
   59 | #else
configure:17402: $? = 0
configure:17402: result: yes
configure:17402: checking for fabsf
configure:17402: gcc -o conftest -fPIC   conftest.c -lm  -lpthread >&5
conftest.c:72:6: warning: conflicting types for built-in function 'fabsf'; expected 'float(float)' [-Wbuiltin-declaration-mismatch]
   72 | char fabsf ();
      |      ^~~~~
conftest.c:60:1: note: 'fabsf' is declared in header '<math.h>'
   59 | # include <limits.h>
   60 | #else
configure:17402: $? = 0
configure:17402: result: yes
configure:17402: checking for atan2f
configure:17402: gcc -o conftest -fPIC   conftest.c -lm  -lpthread >&5
conftest.c:73:6: warning: conflicting types for built-in function 'atan2f'; expected 'float(float,  float)' [-Wbuiltin-declaration-mismatch]
   73 | char atan2f ();
      |      ^~~~~~
conftest.c:61:1: note: 'atan2f' is declared in header '<math.h>'
   60 | # include <limits.h>
   61 | #else
configure:17402: $? = 0
configure:17402: result: yes
configure:17402: checking for fmodf
configure:17402: gcc -o conftest -fPIC   conftest.c -lm  -lpthread >&5
conftest.c:74:6: warning: conflicting types for built-in function 'fmodf'; expected 'float(float,  float)' [-Wbuiltin-declaration-mismatch]
   74 | char fmodf ();
      |      ^~~~~
conftest.c:62:1: note: 'fmodf' is declared in header '<math.h>'
   61 | # include <limits.h>
   62 | #else
configure:17402: $? = 0
configure:17402: result: yes
configure:17402: checking for copysignf
configure:17402: gcc -o conftest -fPIC   conftest.c -lm  -lpthread >&5
conftest.c:75:6: warning: conflicting types for built-in function 'copysignf'; expected 'float(float,  float)' [-Wbuiltin-declaration-mismatch]
   75 | char copysignf ();
      |      ^~~~~~~~~
conftest.c:63:1: note: 'copysignf' is declared in header '<math.h>'
   62 | # include <limits.h>
   63 | #else
configure:17402: $? = 0
configure:17402: result: yes
configure:17402: checking for copysign
configure:17402: gcc -o conftest -fPIC   conftest.c -lm  -lpthread >&5
conftest.c:76:6: warning: conflicting types for built-in function 'copysign'; expected 'double(double,  double)' [-Wbuiltin-declaration-mismatch]
   76 | char copysign ();
      |      ^~~~~~~~
conftest.c:64:1: note: 'copysign' is declared in header '<math.h>'
   63 | # include <limits.h>
   64 | #else
configure:17402: $? = 0
configure:17402: result: yes
configure:17402: checking for snprintf
configure:17402: gcc -o conftest -fPIC   conftest.c -lm  -lpthread >&5
conftest.c:77:6: warning: conflicting types for built-in function 'snprintf'; expected 'int(char *, long unsigned int,  const char *, ...)' [-Wbuiltin-declaration-mismatch]
   77 | char snprintf ();
      |      ^~~~~~~~
conftest.c:65:1: note: 'snprintf' is declared in header '<stdio.h>'
   64 | # include <limits.h>
   65 | #else
configure:17402: $? = 0
configure:17402: result: yes
configure:17402: checking for vsnprintf
configure:17402: gcc -o conftest -fPIC   conftest.c -lm  -lpthread >&5
conftest.c:78:6: warning: conflicting types for built-in function 'vsnprintf'; expected 'int(char *, long unsigned int,  const char *, __va_list_tag *)' [-Wbuiltin-declaration-mismatch]
   78 | char vsnprintf ();
      |      ^~~~~~~~~
conftest.c:66:1: note: 'vsnprintf' is declared in header '<stdio.h>'
   65 | # include <limits.h>
   66 | #else
configure:17402: $? = 0
configure:17402: result: yes
configure:17402: checking for gettimeofday
configure:17402: gcc -o conftest -fPIC   conftest.c -lm  -lpthread >&5
configure:17402: $? = 0
configure:17402: result: yes
configure:17402: checking for isnan
configure:17402: gcc -o conftest -fPIC   conftest.c -lm  -lpthread >&5
conftest.c:80:6: warning: conflicting types for built-in function 'isnan'; expected 'int()' [-Wbuiltin-declaration-mismatch]
   80 | char isnan ();
      |      ^~~~~
conftest.c:68:1: note: 'isnan' is declared in header '<math.h>'
   67 | # include <limits.h>
   68 | #else
configure:17402: $? = 0
configure:17402: result: yes
configure:17402: checking for isnanf
configure:17402: gcc -o conftest -fPIC   conftest.c -lm  -lpthread >&5
conftest.c:81:6: warning: conflicting types for built-in function 'isnanf'; expected 'int(float)' [-Wbuiltin-declaration-mismatch]
   81 | char isnanf ();
      |      ^~~~~~
configure:17402: $? = 0
configure:17402: result: yes
configure:17402: checking for _isnan
configure:17402: gcc -o conftest -fPIC   conftest.c -lm  -lpthread >&5
/usr/bin/ld: /tmp/ccwxm9zq.o: in function `main':
conftest.c:(.text+0xe): undefined reference to `_isnan'
collect2: error: ld returned 1 exit status
configure:17402: $? = 1
configure: failed program was:
| /* confdefs.h */
| #define PACKAGE_NAME "ODE"
| #define PACKAGE_TARNAME "ode"
| #define PACKAGE_VERSION "0.14"
| #define PACKAGE_STRING "ODE 0.14"
| #define PACKAGE_BUGREPORT "ode@ode.org"
| #define PACKAGE_URL ""
| #define PACKAGE "ode"
| #define VERSION "0.14"
| #define STDC_HEADERS 1
| #define HAVE_SYS_TYPES_H 1
| #define HAVE_SYS_STAT_H 1
| #define HAVE_STDLIB_H 1
| #define HAVE_STRING_H 1
| #define HAVE_MEMORY_H 1
| #define HAVE_STRINGS_H 1
| #define HAVE_INTTYPES_H 1
| #define HAVE_STDINT_H 1
| #define HAVE_UNISTD_H 1
| #define HAVE_DLFCN_H 1
| #define LT_OBJDIR ".libs/"
| #define X86_64_SYSTEM 1
| #define HAVE_ALLOCA_H 1
| #define HAVE_STDIO_H 1
| #define HAVE_INTTYPES_H 1
| #define HAVE_STDINT_H 1
| #define HAVE_STDLIB_H 1
| #define HAVE_MATH_H 1
| #define HAVE_STRING_H 1
| #define HAVE_STDARG_H 1
| #define HAVE_MALLOC_H 1
| #define HAVE_FLOAT_H 1
| #define HAVE_TIME_H 1
| #define HAVE_SYS_TIME_H 1
| #define HAVE_LIMITS_H 1
| #define HAVE_STDDEF_H 1
| #define HAVE__BOOL 1
| #define HAVE_STDBOOL_H 1
| #define HAVE_OBSTACK 1
| #define HAVE_LIBM 1
| #define HAVE_FLOOR 1
| #define HAVE_MEMMOVE 1
| #define HAVE_MEMSET 1
| #define HAVE_SQRT 1
| #define HAVE_SQRTF 1
| #define HAVE_SINF 1
| #define HAVE_COSF 1
| #define HAVE_FABSF 1
| #define HAVE_ATAN2F 1
| #define HAVE_FMODF 1
| #define HAVE_COPYSIGNF 1
| #define HAVE_COPYSIGN 1
| #define HAVE_SNPRINTF 1
| #define HAVE_VSNPRINTF 1
| #define HAVE_GETTIMEOFDAY 1
| #define HAVE_ISNAN 1
| #define HAVE_ISNANF 1
| /* end confdefs.h.  */
| /* Define _isnan to an innocuous variant, in case <limits.h> declares _isnan.
|    For example, HP-UX 11i <limits.h> declares gettimeofday.  */
| #define _isnan innocuous__isnan
| 
| /* System header to define __stub macros and hopefully few prototypes,
|     which can conflict with char _isnan (); below.
|     Prefer <limits.h> to <assert.h> if __STDC__ is defined, since
|     <limits.h> exists even on freestanding compilers.  */
| 
| #ifdef __STDC__
| # include <limits.h>
| #else
| # include <assert.h>
| #endif
| 
| #undef _isnan
| 
| /* Override any GCC internal prototype to avoid an error.
|    Use char because int might match the return type of a GCC
|    builtin and then its argument prototype would still apply.  */
| #ifdef __cplusplus
| extern "C"
| #endif
| char _isnan ();
| /* The GNU C library defines this for functions which it implements
|     to always fail with ENOSYS.  Some functions are actually named
|     something starting with __ and the normal name is an alias.  */
| #if defined __stub__isnan || defined __stub____isnan
| choke me
| #endif
| 
| int
| main ()
| {
| return _isnan ();
|   ;
|   return 0;
| }
configure:17402: result: no
configure:17402: checking for _isnanf
configure:17402: gcc -o conftest -fPIC   conftest.c -lm  -lpthread >&5
/usr/bin/ld: /tmp/ccuoJfRm.o: in function `main':
conftest.c:(.text+0xe): undefined reference to `_isnanf'
collect2: error: ld returned 1 exit status
configure:17402: $? = 1
configure: failed program was:
| /* confdefs.h */
| #define PACKAGE_NAME "ODE"
| #define PACKAGE_TARNAME "ode"
| #define PACKAGE_VERSION "0.14"
| #define PACKAGE_STRING "ODE 0.14"
| #define PACKAGE_BUGREPORT "ode@ode.org"
| #define PACKAGE_URL ""
| #define PACKAGE "ode"
| #define VERSION "0.14"
| #define STDC_HEADERS 1
| #define HAVE_SYS_TYPES_H 1
| #define HAVE_SYS_STAT_H 1
| #define HAVE_STDLIB_H 1
| #define HAVE_STRING_H 1
| #define HAVE_MEMORY_H 1
| #define HAVE_STRINGS_H 1
| #define HAVE_INTTYPES_H 1
| #define HAVE_STDINT_H 1
| #define HAVE_UNISTD_H 1
| #define HAVE_DLFCN_H 1
| #define LT_OBJDIR ".libs/"
| #define X86_64_SYSTEM 1
| #define HAVE_ALLOCA_H 1
| #define HAVE_STDIO_H 1
| #define HAVE_INTTYPES_H 1
| #define HAVE_STDINT_H 1
| #define HAVE_STDLIB_H 1
| #define HAVE_MATH_H 1
| #define HAVE_STRING_H 1
| #define HAVE_STDARG_H 1
| #define HAVE_MALLOC_H 1
| #define HAVE_FLOAT_H 1
| #define HAVE_TIME_H 1
| #define HAVE_SYS_TIME_H 1
| #define HAVE_LIMITS_H 1
| #define HAVE_STDDEF_H 1
| #define HAVE__BOOL 1
| #define HAVE_STDBOOL_H 1
| #define HAVE_OBSTACK 1
| #define HAVE_LIBM 1
| #define HAVE_FLOOR 1
| #define HAVE_MEMMOVE 1
| #define HAVE_MEMSET 1
| #define HAVE_SQRT 1
| #define HAVE_SQRTF 1
| #define HAVE_SINF 1
| #define HAVE_COSF 1
| #define HAVE_FABSF 1
| #define HAVE_ATAN2F 1
| #define HAVE_FMODF 1
| #define HAVE_COPYSIGNF 1
| #define HAVE_COPYSIGN 1
| #define HAVE_SNPRINTF 1
| #define HAVE_VSNPRINTF 1
| #define HAVE_GETTIMEOFDAY 1
| #define HAVE_ISNAN 1
| #define HAVE_ISNANF 1
| /* end confdefs.h.  */
| /* Define _isnanf to an innocuous variant, in case <limits.h> declares _isnanf.
|    For example, HP-UX 11i <limits.h> declares gettimeofday.  */
| #define _isnanf innocuous__isnanf
| 
| /* System header to define __stub macros and hopefully few prototypes,
|     which can conflict with char _isnanf (); below.
|     Prefer <limits.h> to <assert.h> if __STDC__ is defined, since
|     <limits.h> exists even on freestanding compilers.  */
| 
| #ifdef __STDC__
| # include <limits.h>
| #else
| # include <assert.h>
| #endif
| 
| #undef _isnanf
| 
| /* Override any GCC internal prototype to avoid an error.
|    Use char because int might match the return type of a GCC
|    builtin and then its argument prototype would still apply.  */
| #ifdef __cplusplus
| extern "C"
| #endif
| char _isnanf ();
| /* The GNU C library defines this for functions which it implements
|     to always fail with ENOSYS.  Some functions are actually named
|     something starting with __ and the normal name is an alias.  */
| #if defined __stub__isnanf || defined __stub____isnanf
| choke me
| #endif
| 
| int
| main ()
| {
| return _isnanf ();
|   ;
|   return 0;
| }
configure:17402: result: no
configure:17402: checking for __isnan
configure:17402: gcc -o conftest -fPIC   conftest.c -lm  -lpthread >&5
configure:17402: $? = 0
configure:17402: result: yes
configure:17402: checking for __isnanf
configure:17402: gcc -o conftest -fPIC   conftest.c -lm  -lpthread >&5
configure:17402: $? = 0
configure:17402: result: yes
configure:17402: checking for strchr
configure:17402: gcc -o conftest -fPIC   conftest.c -lm  -lpthread >&5
conftest.c:84:6: warning: conflicting types for built-in function 'strchr'; expected 'char *(const char *, int)' [-Wbuiltin-declaration-mismatch]
   84 | char strchr ();
      |      ^~~~~~
conftest.c:72:1: note: 'strchr' is declared in header '<string.h>'
   71 | # include <limits.h>
   72 | #else
configure:17402: $? = 0
configure:17402: result: yes
configure:17402: checking for strstr
configure:17402: gcc -o conftest -fPIC   conftest.c -lm  -lpthread >&5
conftest.c:85:6: warning: conflicting types for built-in function 'strstr'; expected 'char *(const char *, const char *)' [-Wbuiltin-declaration-mismatch]
   85 | char strstr ();
      |      ^~~~~~
conftest.c:73:1: note: 'strstr' is declared in header '<string.h>'
   72 | # include <limits.h>
   73 | #else
configure:17402: $? = 0
configure:17402: result: yes
configure:17402: checking for pthread_attr_setstacklazy
configure:17402: gcc -o conftest -fPIC   conftest.c -lm  -lpthread >&5
/usr/bin/ld: /tmp/cchRDDI7.o: in function `main':
conftest.c:(.text+0xe): undefined reference to `pthread_attr_setstacklazy'
collect2: error: ld returned 1 exit status
configure:17402: $? = 1
configure: failed program was:
| /* confdefs.h */
| #define PACKAGE_NAME "ODE"
| #define PACKAGE_TARNAME "ode"
| #define PACKAGE_VERSION "0.14"
| #define PACKAGE_STRING "ODE 0.14"
| #define PACKAGE_BUGREPORT "ode@ode.org"
| #define PACKAGE_URL ""
| #define PACKAGE "ode"
| #define VERSION "0.14"
| #define STDC_HEADERS 1
| #define HAVE_SYS_TYPES_H 1
| #define HAVE_SYS_STAT_H 1
| #define HAVE_STDLIB_H 1
| #define HAVE_STRING_H 1
| #define HAVE_MEMORY_H 1
| #define HAVE_STRINGS_H 1
| #define HAVE_INTTYPES_H 1
| #define HAVE_STDINT_H 1
| #define HAVE_UNISTD_H 1
| #define HAVE_DLFCN_H 1
| #define LT_OBJDIR ".libs/"
| #define X86_64_SYSTEM 1
| #define HAVE_ALLOCA_H 1
| #define HAVE_STDIO_H 1
| #define HAVE_INTTYPES_H 1
| #define HAVE_STDINT_H 1
| #define HAVE_STDLIB_H 1
| #define HAVE_MATH_H 1
| #define HAVE_STRING_H 1
| #define HAVE_STDARG_H 1
| #define HAVE_MALLOC_H 1
| #define HAVE_FLOAT_H 1
| #define HAVE_TIME_H 1
| #define HAVE_SYS_TIME_H 1
| #define HAVE_LIMITS_H 1
| #define HAVE_STDDEF_H 1
| #define HAVE__BOOL 1
| #define HAVE_STDBOOL_H 1
| #define HAVE_OBSTACK 1
| #define HAVE_LIBM 1
| #define HAVE_FLOOR 1
| #define HAVE_MEMMOVE 1
| #define HAVE_MEMSET 1
| #define HAVE_SQRT 1
| #define HAVE_SQRTF 1
| #define HAVE_SINF 1
| #define HAVE_COSF 1
| #define HAVE_FABSF 1
| #define HAVE_ATAN2F 1
| #define HAVE_FMODF 1
| #define HAVE_COPYSIGNF 1
| #define HAVE_COPYSIGN 1
| #define HAVE_SNPRINTF 1
| #define HAVE_VSNPRINTF 1
| #define HAVE_GETTIMEOFDAY 1
| #define HAVE_ISNAN 1
| #define HAVE_ISNANF 1
| #define HAVE___ISNAN 1
| #define HAVE___ISNANF 1
| #define HAVE_STRCHR 1
| #define HAVE_STRSTR 1
| /* end confdefs.h.  */
| /* Define pthread_attr_setstacklazy to an innocuous variant, in case <limits.h> declares pthread_attr_setstacklazy.
|    For example, HP-UX 11i <limits.h> declares gettimeofday.  */
| #define pthread_attr_setstacklazy innocuous_pthread_attr_setstacklazy
| 
| /* System header to define __stub macros and hopefully few prototypes,
|     which can conflict with char pthread_attr_setstacklazy (); below.
|     Prefer <limits.h> to <assert.h> if __STDC__ is defined, since
|     <limits.h> exists even on freestanding compilers.  */
| 
| #ifdef __STDC__
| # include <limits.h>
| #else
| # include <assert.h>
| #endif
| 
| #undef pthread_attr_setstacklazy
| 
| /* Override any GCC internal prototype to avoid an error.
|    Use char because int might match the return type of a GCC
|    builtin and then its argument prototype would still apply.  */
| #ifdef __cplusplus
| extern "C"
| #endif
| char pthread_attr_setstacklazy ();
| /* The GNU C library defines this for functions which it implements
|     to always fail with ENOSYS.  Some functions are actually named
|     something starting with __ and the normal name is an alias.  */
| #if defined __stub_pthread_attr_setstacklazy || defined __stub___pthread_attr_setstacklazy
| choke me
| #endif
| 
| int
| main ()
| {
| return pthread_attr_setstacklazy ();
|   ;
|   return 0;
| }
configure:17402: result: no
configure:17402: checking for clock_gettime
configure:17402: gcc -o conftest -fPIC   conftest.c -lm  -lpthread >&5
configure:17402: $? = 0
configure:17402: result: yes
configure:17413: checking for working alloca.h
configure:17430: gcc -o conftest -fPIC   conftest.c -lm  -lpthread >&5
configure:17430: $? = 0
configure:17438: result: yes
configure:17446: checking for alloca
configure:17483: gcc -o conftest -fPIC   conftest.c -lm  -lpthread >&5
configure:17483: $? = 0
configure:17491: result: yes
configure:18131: checking that generated files are newer than configure
configure:18137: result: done
configure:18249: creating ./config.status

## ---------------------- ##
## Running config.status. ##
## ---------------------- ##

This file was extended by ODE config.status 0.14, which was
generated by GNU Autoconf 2.69.  Invocation command line was

  CONFIG_FILES    = 
  CONFIG_HEADERS  = 
  CONFIG_LINKS    = 
  CONFIG_COMMANDS = 
  $ ./config.status 

on benoit-TM1801

config.status:1277: creating Makefile
config.status:1277: creating drawstuff/Makefile
config.status:1277: creating drawstuff/src/Makefile
config.status:1277: creating drawstuff/dstest/Makefile
config.status:1277: creating include/Makefile
config.status:1277: creating include/drawstuff/Makefile
config.status:1277: creating include/ode/Makefile
config.status:1277: creating include/ode/version.h
config.status:1277: creating include/ode/precision.h
config.status:1277: creating ode/Makefile
config.status:1277: creating ode/doc/Doxyfile
config.status:1277: creating ode/doc/Makefile
config.status:1277: creating ode/src/Makefile
config.status:1277: creating ode/src/joints/Makefile
config.status:1277: creating ode/demo/Makefile
config.status:1277: creating OPCODE/Makefile
config.status:1277: creating OPCODE/Ice/Makefile
config.status:1277: creating GIMPACT/Makefile
config.status:1277: creating GIMPACT/include/Makefile
config.status:1277: creating GIMPACT/include/GIMPACT/Makefile
config.status:1277: creating GIMPACT/src/Makefile
config.status:1277: creating tests/Makefile
config.status:1277: creating tests/joints/Makefile
config.status:1277: creating tests/UnitTest++/Makefile
config.status:1277: creating tests/UnitTest++/src/Makefile
config.status:1277: creating tests/UnitTest++/src/Posix/Makefile
config.status:1277: creating tests/UnitTest++/src/Win32/Makefile
config.status:1277: creating ode-config
config.status:1277: creating ode.pc
config.status:1277: creating ode/src/config.h
config.status:1458: ode/src/config.h is unchanged
config.status:1506: executing depfiles commands
config.status:1506: executing libtool commands
configure:20838: === configuring in ou (/home/benoit/Desktop/motion-planner/klampt/Cpp/Dependencies/ode-0.14/ou)
configure:20901: running /bin/bash ./configure --disable-option-checking '--prefix=/usr/local'  '--with-trimesh=none' '--disable-demos' '--enable-double-precision' '--disable-threading-intf' 'CXXFLAGS=-fPIC' 'CFLAGS=-fPIC' --cache-file=/dev/null --srcdir=.

## ---------------- ##
## Cache variables. ##
## ---------------- ##

ac_cv_build=x86_64-unknown-linux-gnu
ac_cv_c_bigendian=no
ac_cv_c_compiler_gnu=yes
ac_cv_c_inline=inline
ac_cv_c_int32_t=yes
ac_cv_c_uint32_t=yes
ac_cv_c_volatile=yes
ac_cv_cxx_compiler_gnu=yes
ac_cv_env_CCC_set=
ac_cv_env_CCC_value=
ac_cv_env_CCD_CFLAGS_set=
ac_cv_env_CCD_CFLAGS_value=
ac_cv_env_CCD_LIBS_set=
ac_cv_env_CCD_LIBS_value=
ac_cv_env_CC_set=
ac_cv_env_CC_value=
ac_cv_env_CFLAGS_set=set
ac_cv_env_CFLAGS_value=-fPIC
ac_cv_env_CPPFLAGS_set=
ac_cv_env_CPPFLAGS_value=
ac_cv_env_CPP_set=
ac_cv_env_CPP_value=
ac_cv_env_CXXCPP_set=
ac_cv_env_CXXCPP_value=
ac_cv_env_CXXFLAGS_set=set
ac_cv_env_CXXFLAGS_value=-fPIC
ac_cv_env_CXX_set=
ac_cv_env_CXX_value=
ac_cv_env_DOXYGEN_set=
ac_cv_env_DOXYGEN_value=
ac_cv_env_LDFLAGS_set=
ac_cv_env_LDFLAGS_value=
ac_cv_env_LIBS_set=
ac_cv_env_LIBS_value=
ac_cv_env_PKG_CONFIG_LIBDIR_set=
ac_cv_env_PKG_CONFIG_LIBDIR_value=
ac_cv_env_PKG_CONFIG_PATH_set=
ac_cv_env_PKG_CONFIG_PATH_value=
ac_cv_env_PKG_CONFIG_set=
ac_cv_env_PKG_CONFIG_value=
ac_cv_env_X11_CFLAGS_set=
ac_cv_env_X11_CFLAGS_value=
ac_cv_env_X11_LIBS_set=
ac_cv_env_X11_LIBS_value=
ac_cv_env_build_alias_set=
ac_cv_env_build_alias_value=
ac_cv_env_host_alias_set=
ac_cv_env_host_alias_value=
ac_cv_env_target_alias_set=
ac_cv_env_target_alias_value=
ac_cv_func___isnan=yes
ac_cv_func___isnanf=yes
ac_cv_func__isnan=no
ac_cv_func__isnanf=no
ac_cv_func_alloca_works=yes
ac_cv_func_atan2f=yes
ac_cv_func_clock_gettime=yes
ac_cv_func_copysign=yes
ac_cv_func_copysignf=yes
ac_cv_func_cosf=yes
ac_cv_func_fabsf=yes
ac_cv_func_floor=yes
ac_cv_func_fmodf=yes
ac_cv_func_gettimeofday=yes
ac_cv_func_isnan=yes
ac_cv_func_isnanf=yes
ac_cv_func_memmove=yes
ac_cv_func_memset=yes
ac_cv_func_obstack=yes
ac_cv_func_pthread_attr_setstacklazy=no
ac_cv_func_sinf=yes
ac_cv_func_snprintf=yes
ac_cv_func_sqrt=yes
ac_cv_func_sqrtf=yes
ac_cv_func_strchr=yes
ac_cv_func_strstr=yes
ac_cv_func_vsnprintf=yes
ac_cv_header_alloca_h=yes
ac_cv_header_dlfcn_h=yes
ac_cv_header_float_h=yes
ac_cv_header_inttypes_h=yes
ac_cv_header_limits_h=yes
ac_cv_header_malloc_h=yes
ac_cv_header_math_h=yes
ac_cv_header_memory_h=yes
ac_cv_header_stdarg_h=yes
ac_cv_header_stdbool_h=yes
ac_cv_header_stdc=yes
ac_cv_header_stddef_h=yes
ac_cv_header_stdint_h=yes
ac_cv_header_stdio_h=yes
ac_cv_header_stdlib_h=yes
ac_cv_header_string_h=yes
ac_cv_header_strings_h=yes
ac_cv_header_sys_stat_h=yes
ac_cv_header_sys_time_h=yes
ac_cv_header_sys_types_h=yes
ac_cv_header_time_h=yes
ac_cv_header_unistd_h=yes
ac_cv_host=x86_64-unknown-linux-gnu
ac_cv_lib_m_main=yes
ac_cv_lib_pthread_main=yes
ac_cv_lib_stdcpp_main=yes
ac_cv_lib_sunmath_main=no
ac_cv_objext=o
ac_cv_path_EGREP='/usr/bin/grep -E'
ac_cv_path_FGREP='/usr/bin/grep -F'
ac_cv_path_GREP=/usr/bin/grep
ac_cv_path_SED=/usr/bin/sed
ac_cv_path_install='/usr/bin/install -c'
ac_cv_path_mkdir=/usr/bin/mkdir
ac_cv_prog_AWK=mawk
ac_cv_prog_CPP='gcc -E'
ac_cv_prog_CXXCPP='g++ -E'
ac_cv_prog_DOXYGEN=doxygen
ac_cv_prog_ac_ct_AR=ar
ac_cv_prog_ac_ct_CC=gcc
ac_cv_prog_ac_ct_CXX=g++
ac_cv_prog_ac_ct_MANIFEST_TOOL=mt
ac_cv_prog_ac_ct_OBJDUMP=objdump
ac_cv_prog_ac_ct_RANLIB=ranlib
ac_cv_prog_ac_ct_STRIP=strip
ac_cv_prog_cc_c89=
ac_cv_prog_cc_g=yes
ac_cv_prog_cxx_g=yes
ac_cv_prog_make_make_set=yes
ac_cv_type__Bool=yes
ac_cv_type_size_t=yes
ac_cv_working_alloca_h=yes
am_cv_CC_dependencies_compiler_type=gcc3
am_cv_CXX_dependencies_compiler_type=gcc3
am_cv_make_support_nested_variables=yes
am_cv_prog_cc_c_o=yes
lt_cv_ar_at_file=@
lt_cv_deplibs_check_method=pass_all
lt_cv_file_magic_cmd='$MAGIC_CMD'
lt_cv_file_magic_test_file=
lt_cv_ld_reload_flag=-r
lt_cv_nm_interface='BSD nm'
lt_cv_objdir=.libs
lt_cv_path_LD=/usr/bin/ld
lt_cv_path_LDCXX='/usr/bin/ld -m elf_x86_64'
lt_cv_path_NM='/usr/bin/nm -B'
lt_cv_path_mainfest_tool=no
lt_cv_prog_compiler_c_o=yes
lt_cv_prog_compiler_c_o_CXX=yes
lt_cv_prog_compiler_pic='-fPIC -DPIC'
lt_cv_prog_compiler_pic_CXX='-fPIC -DPIC'
lt_cv_prog_compiler_pic_works=yes
lt_cv_prog_compiler_pic_works_CXX=yes
lt_cv_prog_compiler_rtti_exceptions=no
lt_cv_prog_compiler_static_works=yes
lt_cv_prog_compiler_static_works_CXX=yes
lt_cv_prog_gnu_ld=yes
lt_cv_prog_gnu_ldcxx=yes
lt_cv_sharedlib_from_linklib_cmd='printf %s\n'
lt_cv_shlibpath_overrides_runpath=yes
lt_cv_sys_global_symbol_pipe='sed -n -e '\''s/^.*[	 ]\([ABCDGIRSTW][ABCDGIRSTW]*\)[	 ][	 ]*\([_A-Za-z][_A-Za-z0-9]*\)$/\1 \2 \2/p'\'' | sed '\''/ __gnu_lto/d'\'''
lt_cv_sys_global_symbol_to_c_name_address='sed -n -e '\''s/^: \([^ ]*\)[ ]*$/  {\"\1\", (void *) 0},/p'\'' -e '\''s/^[ABCDGIRSTW]* \([^ ]*\) \([^ ]*\)$/  {"\2", (void *) \&\2},/p'\'''
lt_cv_sys_global_symbol_to_c_name_address_lib_prefix='sed -n -e '\''s/^: \([^ ]*\)[ ]*$/  {\"\1\", (void *) 0},/p'\'' -e '\''s/^[ABCDGIRSTW]* \([^ ]*\) \(lib[^ ]*\)$/  {"\2", (void *) \&\2},/p'\'' -e '\''s/^[ABCDGIRSTW]* \([^ ]*\) \([^ ]*\)$/  {"lib\2", (void *) \&\2},/p'\'''
lt_cv_sys_global_symbol_to_cdecl='sed -n -e '\''s/^T .* \(.*\)$/extern int \1();/p'\'' -e '\''s/^[ABCDGIRSTW]* .* \(.*\)$/extern char \1;/p'\'''
lt_cv_sys_max_cmd_len=1572864
lt_cv_to_host_file_cmd=func_convert_file_noop
lt_cv_to_tool_file_cmd=func_convert_file_noop

## ----------------- ##
## Output variables. ##
## ----------------- ##

ACLOCAL='${SHELL} /home/benoit/Desktop/motion-planner/klampt/Cpp/Dependencies/ode-0.14/missing aclocal-1.15'
ALLOCA=''
AMDEPBACKSLASH='\'
AMDEP_FALSE='#'
AMDEP_TRUE=''
AMTAR='$${TAR-tar}'
AM_BACKSLASH='\'
AM_DEFAULT_V='$(AM_DEFAULT_VERBOSITY)'
AM_DEFAULT_VERBOSITY='1'
AM_V='$(V)'
AR='ar'
AS='as'
AUTOCONF='${SHELL} /home/benoit/Desktop/motion-planner/klampt/Cpp/Dependencies/ode-0.14/missing autoconf'
AUTOHEADER='${SHELL} /home/benoit/Desktop/motion-planner/klampt/Cpp/Dependencies/ode-0.14/missing autoheader'
AUTOMAKE='${SHELL} /home/benoit/Desktop/motion-planner/klampt/Cpp/Dependencies/ode-0.14/missing automake-1.15'
AWK='mawk'
CC='gcc'
CCDEPMODE='depmode=gcc3'
CCD_CFLAGS=''
CCD_LIBS=''
CFLAGS='-fPIC'
CPP='gcc -E'
CPPFLAGS=''
CXX='g++'
CXXCPP='g++ -E'
CXXDEPMODE='depmode=gcc3'
CXXFLAGS='-fPIC'
CYGPATH_W='echo'
DEFS='-DHAVE_CONFIG_H'
DEPDIR='.deps'
DLLTOOL='false'
DOXYGEN='doxygen'
DSYMUTIL=''
DUMPBIN=''
ECHO_C=''
ECHO_N='-n'
ECHO_T=''
EGREP='/usr/bin/grep -E'
ENABLE_DEMOS_FALSE=''
ENABLE_DEMOS_TRUE='#'
ENABLE_DRAWSTUFF_FALSE=''
ENABLE_DRAWSTUFF_TRUE='#'
ENABLE_OU_FALSE=''
ENABLE_OU_TRUE='#'
EXEEXT=''
EXTRA_LIBTOOL_LDFLAGS=''
FGREP='/usr/bin/grep -F'
GIMPACT_FALSE=''
GIMPACT_TRUE='#'
GL_LIBS=''
GREP='/usr/bin/grep'
HAVE_DOXYGEN_FALSE='#'
HAVE_DOXYGEN_TRUE=''
INSTALL_DATA='${INSTALL} -m 644'
INSTALL_PROGRAM='${INSTALL}'
INSTALL_SCRIPT='${INSTALL}'
INSTALL_STRIP_PROGRAM='$(install_sh) -c -s'
LD='/usr/bin/ld -m elf_x86_64'
LDFLAGS=''
LIBCCD_BOX_CYL_FALSE=''
LIBCCD_BOX_CYL_TRUE='#'
LIBCCD_CAP_CYL_FALSE=''
LIBCCD_CAP_CYL_TRUE='#'
LIBCCD_CONVEX_BOX_FALSE=''
LIBCCD_CONVEX_BOX_TRUE='#'
LIBCCD_CONVEX_CAP_FALSE=''
LIBCCD_CONVEX_CAP_TRUE='#'
LIBCCD_CONVEX_CONVEX_FALSE=''
LIBCCD_CONVEX_CONVEX_TRUE='#'
LIBCCD_CONVEX_CYL_FALSE=''
LIBCCD_CONVEX_CYL_TRUE='#'
LIBCCD_CONVEX_SPHERE_FALSE=''
LIBCCD_CONVEX_SPHERE_TRUE='#'
LIBCCD_CYL_CYL_FALSE=''
LIBCCD_CYL_CYL_TRUE='#'
LIBCCD_FALSE=''
LIBCCD_INTERNAL_FALSE=''
LIBCCD_INTERNAL_TRUE='#'
LIBCCD_TRUE='#'
LIBOBJS=''
LIBS='-lm  -lpthread'
LIBSTDCXX='-lstdc++'
LIBTOOL='$(SHELL) $(top_builddir)/libtool'
LIPO=''
LN_S='ln -s'
LTLIBOBJS=''
MAKEINFO='${SHELL} /home/benoit/Desktop/motion-planner/klampt/Cpp/Dependencies/ode-0.14/missing makeinfo'
MANIFEST_TOOL=':'
MKDIR_P='/usr/bin/mkdir -p'
NM='/usr/bin/nm -B'
NMEDIT=''
OBJDUMP='objdump'
OBJEXT='o'
ODE_PRECISION='dDOUBLE'
ODE_VERSION='0.14'
ODE_VERSION_INFO='-version-info 6:0:0'
OPCODE_FALSE=''
OPCODE_TRUE='#'
OSX_FALSE=''
OSX_TRUE='#'
OTOOL64=''
OTOOL=''
PACKAGE='ode'
PACKAGE_BUGREPORT='ode@ode.org'
PACKAGE_NAME='ODE'
PACKAGE_STRING='ODE 0.14'
PACKAGE_TARNAME='ode'
PACKAGE_URL=''
PACKAGE_VERSION='0.14'
PATH_SEPARATOR=':'
PKG_CONFIG=''
PKG_CONFIG_LIBDIR=''
PKG_CONFIG_PATH=''
RANLIB='ranlib'
SED='/usr/bin/sed'
SET_MAKE=''
SHELL='/bin/bash'
STRIP='strip'
TRIMESH_FALSE=''
TRIMESH_TRUE='#'
VERSION='0.14'
WIN32_FALSE=''
WIN32_TRUE='#'
WINDRES=''
X11_CFLAGS=''
X11_FALSE=''
X11_LIBS=''
X11_TRUE='#'
X86_64_SYSTEM_FALSE='#'
X86_64_SYSTEM_TRUE=''
ac_ct_AR='ar'
ac_ct_CC='gcc'
ac_ct_CXX='g++'
ac_ct_DUMPBIN=''
ac_ct_WINDRES=''
am__EXEEXT_FALSE=''
am__EXEEXT_TRUE='#'
am__fastdepCC_FALSE='#'
am__fastdepCC_TRUE=''
am__fastdepCXX_FALSE='#'
am__fastdepCXX_TRUE=''
am__include='include'
am__isrc=''
am__leading_dot='.'
am__nodep='_no'
am__quote=''
am__tar='$${TAR-tar} chof - "$$tardir"'
am__untar='$${TAR-tar} xf -'
bindir='${exec_prefix}/bin'
build='x86_64-unknown-linux-gnu'
build_alias=''
build_cpu='x86_64'
build_os='linux-gnu'
build_vendor='unknown'
datadir='${datarootdir}'
datarootdir='${prefix}/share'
docdir='${datarootdir}/doc/${PACKAGE_TARNAME}'
dvidir='${docdir}'
exec_prefix='${prefix}'
host='x86_64-unknown-linux-gnu'
host_alias=''
host_cpu='x86_64'
host_os='linux-gnu'
host_vendor='unknown'
htmldir='${docdir}'
includedir='${prefix}/include'
infodir='${datarootdir}/info'
install_sh='${SHELL} /home/benoit/Desktop/motion-planner/klampt/Cpp/Dependencies/ode-0.14/install-sh'
libdir='${exec_prefix}/lib'
libexecdir='${exec_prefix}/libexec'
localedir='${datarootdir}/locale'
localstatedir='${prefix}/var'
mandir='${datarootdir}/man'
mkdir_p='$(MKDIR_P)'
oldincludedir='/usr/include'
pdfdir='${docdir}'
prefix='/usr/local'
program_transform_name='s,x,x,'
psdir='${docdir}'
sbindir='${exec_prefix}/sbin'
sharedstatedir='${prefix}/com'
subdirs=' ou'
sysconfdir='${prefix}/etc'
target_alias=''

## ----------- ##
## confdefs.h. ##
## ----------- ##

/* confdefs.h */
#define PACKAGE_NAME "ODE"
#define PACKAGE_TARNAME "ode"
#define PACKAGE_VERSION "0.14"
#define PACKAGE_STRING "ODE 0.14"
#define PACKAGE_BUGREPORT "ode@ode.org"
#define PACKAGE_URL ""
#define PACKAGE "ode"
#define VERSION "0.14"
#define STDC_HEADERS 1
#define HAVE_SYS_TYPES_H 1
#define HAVE_SYS_STAT_H 1
#define HAVE_STDLIB_H 1
#define HAVE_STRING_H 1
#define HAVE_MEMORY_H 1
#define HAVE_STRINGS_H 1
#define HAVE_INTTYPES_H 1
#define HAVE_STDINT_H 1
#define HAVE_UNISTD_H 1
#define HAVE_DLFCN_H 1
#define LT_OBJDIR ".libs/"
#define X86_64_SYSTEM 1
#define HAVE_ALLOCA_H 1
#define HAVE_STDIO_H 1
#define HAVE_INTTYPES_H 1
#define HAVE_STDINT_H 1
#define HAVE_STDLIB_H 1
#define HAVE_MATH_H 1
#define HAVE_STRING_H 1
#define HAVE_STDARG_H 1
#define HAVE_MALLOC_H 1
#define HAVE_FLOAT_H 1
#define HAVE_TIME_H 1
#define HAVE_SYS_TIME_H 1
#define HAVE_LIMITS_H 1
#define HAVE_STDDEF_H 1
#define HAVE__BOOL 1
#define HAVE_STDBOOL_H 1
#define HAVE_OBSTACK 1
#define HAVE_LIBM 1
#define HAVE_FLOOR 1
#define HAVE_MEMMOVE 1
#define HAVE_MEMSET 1
#define HAVE_SQRT 1
#define HAVE_SQRTF 1
#define HAVE_SINF 1
#define HAVE_COSF 1
#define HAVE_FABSF 1
#define HAVE_ATAN2F 1
#define HAVE_FMODF 1
#define HAVE_COPYSIGNF 1
#define HAVE_COPYSIGN 1
#define HAVE_SNPRINTF 1
#define HAVE_VSNPRINTF 1
#define HAVE_GETTIMEOFDAY 1
#define HAVE_ISNAN 1
#define HAVE_ISNANF 1
#define HAVE___ISNAN 1
#define HAVE___ISNANF 1
#define HAVE_STRCHR 1
#define HAVE_STRSTR 1
#define HAVE_CLOCK_GETTIME 1
#define HAVE_ALLOCA_H 1
#define HAVE_ALLOCA 1
#define dTHREADING_INTF_DISABLED 1

configure: exit 0
